<?xml version="1.0" encoding="UTF-8"?>
<!-- Generated by org.testng.reporters.JUnitReportReporter -->
<testsuite hostname="Dhirajs-MacBook-Pro.local" name="com.Tajawal.Flights.Tajawal_Flights_Automation_Demo.HomeScreenTest" tests="1" failures="0" timestamp="10 Mar 2018 05:45:26 GMT" time="13.446" errors="0">
  <testcase name="OpenURL" time="13.446" classname="com.Tajawal.Flights.Tajawal_Flights_Automation_Demo.HomeScreenTest"/>
</testsuite> <!-- com.Tajawal.Flights.Tajawal_Flights_Automation_Demo.HomeScreenTest -->
